Using pre-set license
Built from '2021.1/staging' branch; Version is '2021.1.22f1 (a137e5fb0427) revision 10565605'; Using compiler version '192528614'; Build Type 'Release'
OS: 'Windows 10 Home; OS build 19043.1348; Version 2009; 64bit' Language: 'en' Physical Memory: 16201 MB
BatchMode: 1, IsHumanControllingUs: 0, StartBugReporterOnCrash: 0, Is64bit: 1, IsPro: 0

COMMAND LINE ARGUMENTS:
C:\Program Files\Unity 2021.1.22f1\Editor\Unity.exe
-adb2
-batchMode
-noUpm
-name
AssetImportWorker0
-projectPath
C:/Users/alfie/Documents/GitHub/GameSolo2021
-logFile
Logs/AssetImportWorker0.log
-srvPort
55679
Successfully changed project path to: C:/Users/alfie/Documents/GitHub/GameSolo2021
C:/Users/alfie/Documents/GitHub/GameSolo2021
Using Asset Import Pipeline V2.
Refreshing native plugins compatible for Editor in 95.72 ms, found 4 plugins.
Preloading 0 native plugins for Editor in 0.00 ms.
Initialize engine version: 2021.1.22f1 (a137e5fb0427)
[Subsystems] Discovering subsystems at path C:/Program Files/Unity 2021.1.22f1/Editor/Data/Resources/UnitySubsystems
[Subsystems] Discovering subsystems at path C:/Users/alfie/Documents/GitHub/GameSolo2021/Assets
GfxDevice: creating device client; threaded=0; jobified=0
Direct3D:
    Version:  Direct3D 11.0 [level 11.1]
    Renderer: NVIDIA GeForce RTX 3070 Laptop GPU (ID=0x249d)
    Vendor:   NVIDIA
    VRAM:     8044 MB
    Driver:   30.0.14.9676
Initialize mono
Mono path[0] = 'C:/Program Files/Unity 2021.1.22f1/Editor/Data/Managed'
Mono path[1] = 'C:/Program Files/Unity 2021.1.22f1/Editor/Data/MonoBleedingEdge/lib/mono/unityjit'
Mono config path = 'C:/Program Files/Unity 2021.1.22f1/Editor/Data/MonoBleedingEdge/etc'
Using monoOptions --debugger-agent=transport=dt_socket,embedding=1,server=y,suspend=n,address=127.0.0.1:56792
Begin MonoManager ReloadAssembly
Registering precompiled unity dll's ...
Register platform support module: C:/Program Files/Unity 2021.1.22f1/Editor/Data/PlaybackEngines/WindowsStandaloneSupport/UnityEditor.WindowsStandalone.Extensions.dll
Registered in 0.001668 seconds.
Native extension for WindowsStandalone target not found
Refreshing native plugins compatible for Editor in 99.38 ms, found 4 plugins.
Preloading 0 native plugins for Editor in 0.00 ms.
Mono: successfully reloaded assembly
- Completed reload, in  1.053 seconds
Domain Reload Profiling:
	ReloadAssembly (1053ms)
		BeginReloadAssembly (59ms)
			ExecutionOrderSort (0ms)
			DisableScriptedObjects (0ms)
			BackupInstance (0ms)
			ReleaseScriptingObjects (0ms)
			CreateAndSetChildDomain (1ms)
		EndReloadAssembly (443ms)
			LoadAssemblies (57ms)
			RebuildTransferFunctionScriptingTraits (0ms)
			SetupTypeCache (153ms)
			ReleaseScriptCaches (0ms)
			RebuildScriptCaches (26ms)
			SetupLoadedEditorAssemblies (222ms)
				LogAssemblyErrors (0ms)
				InitializePlatformSupportModulesInManaged (5ms)
				SetLoadedEditorAssemblies (0ms)
				RefreshPlugins (99ms)
				BeforeProcessingInitializeOnLoad (1ms)
				ProcessInitializeOnLoadAttributes (88ms)
				ProcessInitializeOnLoadMethodAttributes (28ms)
				AfterProcessingInitializeOnLoad (0ms)
				EditorAssembliesLoaded (0ms)
			ExecutionOrderSort2 (0ms)
			AwakeInstancesAfterBackupRestoration (0ms)
Platform modules already initialized, skipping
Registering precompiled user dll's ...
Registered in 0.004546 seconds.
Begin MonoManager ReloadAssembly
Symbol file LoadedFromMemory doesn't match image C:\Users\alfie\Documents\GitHub\GameSolo2021\Library\PackageCache\com.unity.visualscripting@1.6.1\Editor\VisualScripting.Core\Dependencies\YamlDotNet\Unity.VisualScripting.YamlDotNet.dll
Symbol file LoadedFromMemory doesn't match image C:\Users\alfie\Documents\GitHub\GameSolo2021\Library\PackageCache\com.unity.visualscripting@1.6.1\Editor\VisualScripting.Core\Dependencies\DotNetZip\Unity.VisualScripting.IonicZip.dll
Native extension for WindowsStandalone target not found
Refreshing native plugins compatible for Editor in 98.34 ms, found 4 plugins.
Preloading 0 native plugins for Editor in 0.00 ms.
Mono: successfully reloaded assembly
- Completed reload, in  1.164 seconds
Domain Reload Profiling:
	ReloadAssembly (1165ms)
		BeginReloadAssembly (139ms)
			ExecutionOrderSort (0ms)
			DisableScriptedObjects (4ms)
			BackupInstance (0ms)
			ReleaseScriptingObjects (0ms)
			CreateAndSetChildDomain (17ms)
		EndReloadAssembly (970ms)
			LoadAssemblies (94ms)
			RebuildTransferFunctionScriptingTraits (0ms)
			SetupTypeCache (322ms)
			ReleaseScriptCaches (1ms)
			RebuildScriptCaches (48ms)
			SetupLoadedEditorAssemblies (417ms)
				LogAssemblyErrors (0ms)
				InitializePlatformSupportModulesInManaged (4ms)
				SetLoadedEditorAssemblies (0ms)
				RefreshPlugins (98ms)
				BeforeProcessingInitializeOnLoad (80ms)
				ProcessInitializeOnLoadAttributes (214ms)
				ProcessInitializeOnLoadMethodAttributes (15ms)
				AfterProcessingInitializeOnLoad (6ms)
				EditorAssembliesLoaded (0ms)
			ExecutionOrderSort2 (0ms)
			AwakeInstancesAfterBackupRestoration (7ms)
Platform modules already initialized, skipping
========================================================================
Worker process is ready to serve import requests
Launched and connected shader compiler UnityShaderCompiler.exe after 0.05 seconds
Refreshing native plugins compatible for Editor in 1.36 ms, found 4 plugins.
Preloading 0 native plugins for Editor in 0.00 ms.
Unloading 3810 Unused Serialized files (Serialized files now loaded: 0)
System memory in use before: 146.7 MB.
System memory in use after: 147.0 MB.

Unloading 30 unused Assets to reduce memory usage. Loaded Objects now: 4264.
Total: 5.826100 ms (FindLiveObjects: 0.471800 ms CreateObjectMapping: 0.374600 ms MarkObjects: 4.884200 ms  DeleteObjects: 0.094200 ms)

AssetImportParameters requested are different than current active one (requested -> active):
  custom:framework-win-MediaFoundation: 216162199b28c13a410421893ffa2e32 -> 
  custom:video-decoder-ogg-theora: a1e56fd34408186e4bbccfd4996cb3dc -> 
  custom:container-muxer-webm: aa71ff27fc2769a1b78a27578f13a17b -> 
  custom:container-demuxer-webm: 4f35f7cbe854078d1ac9338744f61a02 -> 
  custom:container-demuxer-ogg: 62fdf1f143b41e24485cea50d1cbac27 -> 
  custom:video-encoder-webm-vp8: eb34c28f22e8b96e1ab97ce403110664 -> 
  custom:video-decoder-webm-vp8: 9c59270c3fd7afecdb556c50c9e8de78 -> 
  custom:audio-decoder-ogg-vorbis: bf7c407c2cedff20999df2af8eb42d56 -> 
  custom:audio-encoder-webm-vorbis: bf7c407c2cedff20999df2af8eb42d56 -> 
========================================================================
Received Import Request.
  path: Assets/Scenes/GameDevSolo.unity
  artifactKey: Guid(d1f949b2cecae22449730659dbc7514e) Importer(815301076,1909f56bfc062723c751e8b465ee728b)
Start importing Assets/Scenes/GameDevSolo.unity using Guid(d1f949b2cecae22449730659dbc7514e) Importer(815301076,1909f56bfc062723c751e8b465ee728b)  -> (artifact id: 'd59a01af3200e9fa20eb6436992ee8cc') in 0.021351 seconds 
========================================================================
Received Import Request.
  Time since last request: 18.061693 seconds.
  path: Assets/Scenes
  artifactKey: Guid(131a6b21c8605f84396be9f6751fb6e3) Importer(815301076,1909f56bfc062723c751e8b465ee728b)
Start importing Assets/Scenes using Guid(131a6b21c8605f84396be9f6751fb6e3) Importer(815301076,1909f56bfc062723c751e8b465ee728b)  -> (artifact id: 'df75b7d1a31c5b4f73fd45661b403b04') in 0.009517 seconds 
========================================================================
Received Prepare
Registering precompiled user dll's ...
Registered in 0.005043 seconds.
Begin MonoManager ReloadAssembly
Symbol file LoadedFromMemory doesn't match image C:\Users\alfie\Documents\GitHub\GameSolo2021\Library\PackageCache\com.unity.visualscripting@1.6.1\Editor\VisualScripting.Core\Dependencies\YamlDotNet\Unity.VisualScripting.YamlDotNet.dll
Symbol file LoadedFromMemory doesn't match image C:\Users\alfie\Documents\GitHub\GameSolo2021\Library\PackageCache\com.unity.visualscripting@1.6.1\Editor\VisualScripting.Core\Dependencies\DotNetZip\Unity.VisualScripting.IonicZip.dll
Native extension for WindowsStandalone target not found
Refreshing native plugins compatible for Editor in 0.74 ms, found 4 plugins.
Preloading 0 native plugins for Editor in 0.00 ms.
Mono: successfully reloaded assembly
- Completed reload, in  1.089 seconds
Domain Reload Profiling:
	ReloadAssembly (1089ms)
		BeginReloadAssembly (129ms)
			ExecutionOrderSort (0ms)
			DisableScriptedObjects (7ms)
			BackupInstance (0ms)
			ReleaseScriptingObjects (0ms)
			CreateAndSetChildDomain (38ms)
		EndReloadAssembly (898ms)
			LoadAssemblies (97ms)
			RebuildTransferFunctionScriptingTraits (0ms)
			SetupTypeCache (351ms)
			ReleaseScriptCaches (1ms)
			RebuildScriptCaches (44ms)
			SetupLoadedEditorAssemblies (306ms)
				LogAssemblyErrors (0ms)
				InitializePlatformSupportModulesInManaged (5ms)
				SetLoadedEditorAssemblies (0ms)
				RefreshPlugins (1ms)
				BeforeProcessingInitializeOnLoad (68ms)
				ProcessInitializeOnLoadAttributes (216ms)
				ProcessInitializeOnLoadMethodAttributes (9ms)
				AfterProcessingInitializeOnLoad (7ms)
				EditorAssembliesLoaded (0ms)
			ExecutionOrderSort2 (0ms)
			AwakeInstancesAfterBackupRestoration (11ms)
Platform modules already initialized, skipping
Refreshing native plugins compatible for Editor in 0.66 ms, found 4 plugins.
Preloading 0 native plugins for Editor in 0.00 ms.
Unloading 3769 Unused Serialized files (Serialized files now loaded: 0)
System memory in use before: 143.2 MB.
System memory in use after: 143.4 MB.

Unloading 18 unused Assets to reduce memory usage. Loaded Objects now: 4267.
Total: 3.049200 ms (FindLiveObjects: 0.273700 ms CreateObjectMapping: 0.194300 ms MarkObjects: 2.564800 ms  DeleteObjects: 0.015800 ms)

AssetImportParameters requested are different than current active one (requested -> active):
  custom:framework-win-MediaFoundation: 216162199b28c13a410421893ffa2e32 -> 
  custom:video-decoder-ogg-theora: a1e56fd34408186e4bbccfd4996cb3dc -> 
  custom:container-muxer-webm: aa71ff27fc2769a1b78a27578f13a17b -> 
  custom:container-demuxer-webm: 4f35f7cbe854078d1ac9338744f61a02 -> 
  custom:container-demuxer-ogg: 62fdf1f143b41e24485cea50d1cbac27 -> 
  custom:video-encoder-webm-vp8: eb34c28f22e8b96e1ab97ce403110664 -> 
  custom:video-decoder-webm-vp8: 9c59270c3fd7afecdb556c50c9e8de78 -> 
  custom:audio-decoder-ogg-vorbis: bf7c407c2cedff20999df2af8eb42d56 -> 
  custom:audio-encoder-webm-vorbis: bf7c407c2cedff20999df2af8eb42d56 -> 
========================================================================
Received Import Request.
  Time since last request: 290.288581 seconds.
  path: Assets/Sprites/sheet.png
  artifactKey: Guid(ef3e26493494d7144be192b2b12bc225) Importer(815301076,1909f56bfc062723c751e8b465ee728b)
Start importing Assets/Sprites/sheet.png using Guid(ef3e26493494d7144be192b2b12bc225) Importer(815301076,1909f56bfc062723c751e8b465ee728b)  -> (artifact id: '912c94d3070a935e18962ee20a1cbd12') in 0.087967 seconds 
========================================================================
Received Import Request.
  Time since last request: 7.054357 seconds.
  path: Assets/Sprites/sheet.png
  artifactKey: Guid(ef3e26493494d7144be192b2b12bc225) Importer(815301076,1909f56bfc062723c751e8b465ee728b)
Start importing Assets/Sprites/sheet.png using Guid(ef3e26493494d7144be192b2b12bc225) Importer(815301076,1909f56bfc062723c751e8b465ee728b)  -> (artifact id: '756ef61c9f982e06ec9fb064b8aeb5e8') in 0.015909 seconds 
========================================================================
Received Import Request.
  Time since last request: 21.337467 seconds.
  path: Assets/Sprites/sheet.png
  artifactKey: Guid(ef3e26493494d7144be192b2b12bc225) Importer(815301076,1909f56bfc062723c751e8b465ee728b)
Start importing Assets/Sprites/sheet.png using Guid(ef3e26493494d7144be192b2b12bc225) Importer(815301076,1909f56bfc062723c751e8b465ee728b)  -> (artifact id: '36b2f3280f90ea95b9d5f96b8d6189bb') in 0.021920 seconds 
========================================================================
Received Import Request.
  Time since last request: 48.762838 seconds.
  path: Assets/Sprites/sheet.png
  artifactKey: Guid(ef3e26493494d7144be192b2b12bc225) Importer(815301076,1909f56bfc062723c751e8b465ee728b)
Start importing Assets/Sprites/sheet.png using Guid(ef3e26493494d7144be192b2b12bc225) Importer(815301076,1909f56bfc062723c751e8b465ee728b)  -> (artifact id: 'f7ecc506fe8c710a11ff2bf49385626f') in 0.018465 seconds 
========================================================================
Received Import Request.
  Time since last request: 27.352469 seconds.
  path: Assets/Sprites/sheet.png
  artifactKey: Guid(ef3e26493494d7144be192b2b12bc225) Importer(815301076,1909f56bfc062723c751e8b465ee728b)
Start importing Assets/Sprites/sheet.png using Guid(ef3e26493494d7144be192b2b12bc225) Importer(815301076,1909f56bfc062723c751e8b465ee728b)  -> (artifact id: '175bdee809b135ca264ffb717524b9e9') in 0.012997 seconds 
========================================================================
Received Import Request.
  Time since last request: 34.650087 seconds.
  path: Assets/Sprites/sheet.png
  artifactKey: Guid(ef3e26493494d7144be192b2b12bc225) Importer(815301076,1909f56bfc062723c751e8b465ee728b)
Start importing Assets/Sprites/sheet.png using Guid(ef3e26493494d7144be192b2b12bc225) Importer(815301076,1909f56bfc062723c751e8b465ee728b)  -> (artifact id: 'aeb5aca8b3ed43a7e882b6cad6651ac2') in 0.023667 seconds 
========================================================================
Received Import Request.
  Time since last request: 20.424381 seconds.
  path: Assets/Sprites/sheet.png
  artifactKey: Guid(ef3e26493494d7144be192b2b12bc225) Importer(815301076,1909f56bfc062723c751e8b465ee728b)
Start importing Assets/Sprites/sheet.png using Guid(ef3e26493494d7144be192b2b12bc225) Importer(815301076,1909f56bfc062723c751e8b465ee728b)  -> (artifact id: '9d3afb046d9bf5bbf0feed50f9d97127') in 0.019127 seconds 
========================================================================
Received Prepare
Registering precompiled user dll's ...
Registered in 0.004291 seconds.
Begin MonoManager ReloadAssembly
Symbol file LoadedFromMemory doesn't match image C:\Users\alfie\Documents\GitHub\GameSolo2021\Library\PackageCache\com.unity.visualscripting@1.6.1\Editor\VisualScripting.Core\Dependencies\YamlDotNet\Unity.VisualScripting.YamlDotNet.dll
Symbol file LoadedFromMemory doesn't match image C:\Users\alfie\Documents\GitHub\GameSolo2021\Library\PackageCache\com.unity.visualscripting@1.6.1\Editor\VisualScripting.Core\Dependencies\DotNetZip\Unity.VisualScripting.IonicZip.dll
Native extension for WindowsStandalone target not found
Refreshing native plugins compatible for Editor in 0.65 ms, found 4 plugins.
Preloading 0 native plugins for Editor in 0.00 ms.
Mono: successfully reloaded assembly
- Completed reload, in  0.995 seconds
Domain Reload Profiling:
	ReloadAssembly (995ms)
		BeginReloadAssembly (118ms)
			ExecutionOrderSort (0ms)
			DisableScriptedObjects (5ms)
			BackupInstance (0ms)
			ReleaseScriptingObjects (0ms)
			CreateAndSetChildDomain (35ms)
		EndReloadAssembly (825ms)
			LoadAssemblies (87ms)
			RebuildTransferFunctionScriptingTraits (0ms)
			SetupTypeCache (317ms)
			ReleaseScriptCaches (1ms)
			RebuildScriptCaches (40ms)
			SetupLoadedEditorAssemblies (273ms)
				LogAssemblyErrors (0ms)
				InitializePlatformSupportModulesInManaged (4ms)
				SetLoadedEditorAssemblies (0ms)
				RefreshPlugins (1ms)
				BeforeProcessingInitializeOnLoad (60ms)
				ProcessInitializeOnLoadAttributes (194ms)
				ProcessInitializeOnLoadMethodAttributes (7ms)
				AfterProcessingInitializeOnLoad (6ms)
				EditorAssembliesLoaded (0ms)
			ExecutionOrderSort2 (0ms)
			AwakeInstancesAfterBackupRestoration (14ms)
Platform modules already initialized, skipping
Refreshing native plugins compatible for Editor in 0.83 ms, found 4 plugins.
Preloading 0 native plugins for Editor in 0.00 ms.
Unloading 3770 Unused Serialized files (Serialized files now loaded: 0)
System memory in use before: 150.3 MB.
System memory in use after: 150.5 MB.

Unloading 18 unused Assets to reduce memory usage. Loaded Objects now: 4375.
Total: 4.245600 ms (FindLiveObjects: 0.325000 ms CreateObjectMapping: 0.251000 ms MarkObjects: 3.646500 ms  DeleteObjects: 0.022100 ms)

AssetImportParameters requested are different than current active one (requested -> active):
  custom:framework-win-MediaFoundation: 216162199b28c13a410421893ffa2e32 -> 
  custom:video-decoder-ogg-theora: a1e56fd34408186e4bbccfd4996cb3dc -> 
  custom:container-muxer-webm: aa71ff27fc2769a1b78a27578f13a17b -> 
  custom:container-demuxer-webm: 4f35f7cbe854078d1ac9338744f61a02 -> 
  custom:container-demuxer-ogg: 62fdf1f143b41e24485cea50d1cbac27 -> 
  custom:video-encoder-webm-vp8: eb34c28f22e8b96e1ab97ce403110664 -> 
  custom:video-decoder-webm-vp8: 9c59270c3fd7afecdb556c50c9e8de78 -> 
  custom:audio-decoder-ogg-vorbis: bf7c407c2cedff20999df2af8eb42d56 -> 
  custom:audio-encoder-webm-vorbis: bf7c407c2cedff20999df2af8eb42d56 -> 
========================================================================
Received Import Request.
  Time since last request: 197.907069 seconds.
  path: Assets/Sprites/sheet.png
  artifactKey: Guid(ef3e26493494d7144be192b2b12bc225) Importer(815301076,1909f56bfc062723c751e8b465ee728b)
Start importing Assets/Sprites/sheet.png using Guid(ef3e26493494d7144be192b2b12bc225) Importer(815301076,1909f56bfc062723c751e8b465ee728b)  -> (artifact id: 'e0c88df005bb5675d82317d83ce88636') in 0.040451 seconds 
========================================================================
Received Import Request.
  Time since last request: 72.888445 seconds.
  path: Assets/Sprites/sheet.png
  artifactKey: Guid(ef3e26493494d7144be192b2b12bc225) Importer(815301076,1909f56bfc062723c751e8b465ee728b)
Start importing Assets/Sprites/sheet.png using Guid(ef3e26493494d7144be192b2b12bc225) Importer(815301076,1909f56bfc062723c751e8b465ee728b)  -> (artifact id: 'a28aea4e9582ebd56736296035e18d83') in 0.827586 seconds 
AssetImportWorkerClient::OnTransportError - code=2 error=End of file
